I, [2018-09-05T09:46:52.650922 #15141]  INFO -- Kitchen: -----> Starting Kitchen (v1.20.0)
E, [2018-09-05T09:46:52.667909 #15141] ERROR -- Kitchen: ------Exception-------
E, [2018-09-05T09:46:52.667957 #15141] ERROR -- Kitchen: Class: Kitchen::ClientError
E, [2018-09-05T09:46:52.667977 #15141] ERROR -- Kitchen: Message: Could not load the 'terraform' driver from the load path. Please ensure that your driver is installed as a gem or included in your Gemfile if using Bundler.
E, [2018-09-05T09:46:52.667995 #15141] ERROR -- Kitchen: ----------------------
E, [2018-09-05T09:46:52.668010 #15141] ERROR -- Kitchen: ------Backtrace-------
E, [2018-09-05T09:46:52.668026 #15141] ERROR -- Kitchen: /opt/chefdk/embedded/lib/ruby/gems/2.4.0/gems/test-kitchen-1.20.0/lib/kitchen/driver.rb:48:in `rescue in for_plugin'
E, [2018-09-05T09:46:52.668041 #15141] ERROR -- Kitchen: /opt/chefdk/embedded/lib/ruby/gems/2.4.0/gems/test-kitchen-1.20.0/lib/kitchen/driver.rb:37:in `for_plugin'
E, [2018-09-05T09:46:52.668057 #15141] ERROR -- Kitchen: /opt/chefdk/embedded/lib/ruby/gems/2.4.0/gems/test-kitchen-1.20.0/lib/kitchen/config.rb:234:in `new_driver'
E, [2018-09-05T09:46:52.668071 #15141] ERROR -- Kitchen: /opt/chefdk/embedded/lib/ruby/gems/2.4.0/gems/test-kitchen-1.20.0/lib/kitchen/config.rb:247:in `new_instance'
E, [2018-09-05T09:46:52.668086 #15141] ERROR -- Kitchen: /opt/chefdk/embedded/lib/ruby/gems/2.4.0/gems/test-kitchen-1.20.0/lib/kitchen/config.rb:142:in `block in build_instances'
E, [2018-09-05T09:46:52.668101 #15141] ERROR -- Kitchen: /opt/chefdk/embedded/lib/ruby/gems/2.4.0/gems/test-kitchen-1.20.0/lib/kitchen/config.rb:141:in `map'
E, [2018-09-05T09:46:52.668116 #15141] ERROR -- Kitchen: /opt/chefdk/embedded/lib/ruby/gems/2.4.0/gems/test-kitchen-1.20.0/lib/kitchen/config.rb:141:in `with_index'
E, [2018-09-05T09:46:52.668131 #15141] ERROR -- Kitchen: /opt/chefdk/embedded/lib/ruby/gems/2.4.0/gems/test-kitchen-1.20.0/lib/kitchen/config.rb:141:in `build_instances'
E, [2018-09-05T09:46:52.668152 #15141] ERROR -- Kitchen: /opt/chefdk/embedded/lib/ruby/gems/2.4.0/gems/test-kitchen-1.20.0/lib/kitchen/config.rb:117:in `instances'
E, [2018-09-05T09:46:52.668167 #15141] ERROR -- Kitchen: /opt/chefdk/embedded/lib/ruby/gems/2.4.0/gems/test-kitchen-1.20.0/lib/kitchen/command.rb:112:in `filtered_instances'
E, [2018-09-05T09:46:52.668182 #15141] ERROR -- Kitchen: /opt/chefdk/embedded/lib/ruby/gems/2.4.0/gems/test-kitchen-1.20.0/lib/kitchen/command.rb:142:in `parse_subcommand'
E, [2018-09-05T09:46:52.668197 #15141] ERROR -- Kitchen: /opt/chefdk/embedded/lib/ruby/gems/2.4.0/gems/test-kitchen-1.20.0/lib/kitchen/command/test.rb:40:in `block in call'
E, [2018-09-05T09:46:52.668212 #15141] ERROR -- Kitchen: /opt/chefdk/embedded/lib/ruby/2.4.0/benchmark.rb:293:in `measure'
E, [2018-09-05T09:46:52.668226 #15141] ERROR -- Kitchen: /opt/chefdk/embedded/lib/ruby/gems/2.4.0/gems/test-kitchen-1.20.0/lib/kitchen/command/test.rb:38:in `call'
E, [2018-09-05T09:46:52.668250 #15141] ERROR -- Kitchen: /opt/chefdk/embedded/lib/ruby/gems/2.4.0/gems/test-kitchen-1.20.0/lib/kitchen/cli.rb:52:in `perform'
E, [2018-09-05T09:46:52.668266 #15141] ERROR -- Kitchen: /opt/chefdk/embedded/lib/ruby/gems/2.4.0/gems/test-kitchen-1.20.0/lib/kitchen/cli.rb:245:in `test'
E, [2018-09-05T09:46:52.668281 #15141] ERROR -- Kitchen: /opt/chefdk/embedded/lib/ruby/gems/2.4.0/gems/thor-0.19.1/lib/thor/command.rb:27:in `run'
E, [2018-09-05T09:46:52.668296 #15141] ERROR -- Kitchen: /opt/chefdk/embedded/lib/ruby/gems/2.4.0/gems/thor-0.19.1/lib/thor/invocation.rb:126:in `invoke_command'
E, [2018-09-05T09:46:52.668310 #15141] ERROR -- Kitchen: /opt/chefdk/embedded/lib/ruby/gems/2.4.0/gems/thor-0.19.1/lib/thor.rb:359:in `dispatch'
E, [2018-09-05T09:46:52.668325 #15141] ERROR -- Kitchen: /opt/chefdk/embedded/lib/ruby/gems/2.4.0/gems/thor-0.19.1/lib/thor/base.rb:440:in `start'
E, [2018-09-05T09:46:52.668340 #15141] ERROR -- Kitchen: /opt/chefdk/embedded/lib/ruby/gems/2.4.0/gems/test-kitchen-1.20.0/bin/kitchen:13:in `block in <top (required)>'
E, [2018-09-05T09:46:52.668354 #15141] ERROR -- Kitchen: /opt/chefdk/embedded/lib/ruby/gems/2.4.0/gems/test-kitchen-1.20.0/lib/kitchen/errors.rb:171:in `with_friendly_errors'
E, [2018-09-05T09:46:52.668386 #15141] ERROR -- Kitchen: /opt/chefdk/embedded/lib/ruby/gems/2.4.0/gems/test-kitchen-1.20.0/bin/kitchen:13:in `<top (required)>'
E, [2018-09-05T09:46:52.668401 #15141] ERROR -- Kitchen: /usr/local/bin/kitchen:250:in `load'
E, [2018-09-05T09:46:52.668416 #15141] ERROR -- Kitchen: /usr/local/bin/kitchen:250:in `<main>'
E, [2018-09-05T09:46:52.668434 #15141] ERROR -- Kitchen: ----End Backtrace-----
E, [2018-09-05T09:46:52.668449 #15141] ERROR -- Kitchen: ---Nested Exception---
E, [2018-09-05T09:46:52.668463 #15141] ERROR -- Kitchen: Class: LoadError
E, [2018-09-05T09:46:52.668477 #15141] ERROR -- Kitchen: Message: cannot load such file -- kitchen/driver/terraform
E, [2018-09-05T09:46:52.668492 #15141] ERROR -- Kitchen: ----------------------
E, [2018-09-05T09:46:52.668506 #15141] ERROR -- Kitchen: ------Backtrace-------
E, [2018-09-05T09:46:52.668520 #15141] ERROR -- Kitchen: /opt/chefdk/embedded/lib/ruby/gems/2.4.0/gems/test-kitchen-1.20.0/lib/kitchen/driver.rb:48:in `rescue in for_plugin'
E, [2018-09-05T09:46:52.668535 #15141] ERROR -- Kitchen: /opt/chefdk/embedded/lib/ruby/gems/2.4.0/gems/test-kitchen-1.20.0/lib/kitchen/driver.rb:37:in `for_plugin'
E, [2018-09-05T09:46:52.668550 #15141] ERROR -- Kitchen: /opt/chefdk/embedded/lib/ruby/gems/2.4.0/gems/test-kitchen-1.20.0/lib/kitchen/config.rb:234:in `new_driver'
E, [2018-09-05T09:46:52.668564 #15141] ERROR -- Kitchen: /opt/chefdk/embedded/lib/ruby/gems/2.4.0/gems/test-kitchen-1.20.0/lib/kitchen/config.rb:247:in `new_instance'
E, [2018-09-05T09:46:52.668579 #15141] ERROR -- Kitchen: /opt/chefdk/embedded/lib/ruby/gems/2.4.0/gems/test-kitchen-1.20.0/lib/kitchen/config.rb:142:in `block in build_instances'
E, [2018-09-05T09:46:52.668593 #15141] ERROR -- Kitchen: /opt/chefdk/embedded/lib/ruby/gems/2.4.0/gems/test-kitchen-1.20.0/lib/kitchen/config.rb:141:in `map'
E, [2018-09-05T09:46:52.668608 #15141] ERROR -- Kitchen: /opt/chefdk/embedded/lib/ruby/gems/2.4.0/gems/test-kitchen-1.20.0/lib/kitchen/config.rb:141:in `with_index'
E, [2018-09-05T09:46:52.668623 #15141] ERROR -- Kitchen: /opt/chefdk/embedded/lib/ruby/gems/2.4.0/gems/test-kitchen-1.20.0/lib/kitchen/config.rb:141:in `build_instances'
E, [2018-09-05T09:46:52.668637 #15141] ERROR -- Kitchen: /opt/chefdk/embedded/lib/ruby/gems/2.4.0/gems/test-kitchen-1.20.0/lib/kitchen/config.rb:117:in `instances'
E, [2018-09-05T09:46:52.668652 #15141] ERROR -- Kitchen: /opt/chefdk/embedded/lib/ruby/gems/2.4.0/gems/test-kitchen-1.20.0/lib/kitchen/command.rb:112:in `filtered_instances'
E, [2018-09-05T09:46:52.668667 #15141] ERROR -- Kitchen: /opt/chefdk/embedded/lib/ruby/gems/2.4.0/gems/test-kitchen-1.20.0/lib/kitchen/command.rb:142:in `parse_subcommand'
E, [2018-09-05T09:46:52.668681 #15141] ERROR -- Kitchen: /opt/chefdk/embedded/lib/ruby/gems/2.4.0/gems/test-kitchen-1.20.0/lib/kitchen/command/test.rb:40:in `block in call'
E, [2018-09-05T09:46:52.668696 #15141] ERROR -- Kitchen: /opt/chefdk/embedded/lib/ruby/2.4.0/benchmark.rb:293:in `measure'
E, [2018-09-05T09:46:52.668714 #15141] ERROR -- Kitchen: /opt/chefdk/embedded/lib/ruby/gems/2.4.0/gems/test-kitchen-1.20.0/lib/kitchen/command/test.rb:38:in `call'
E, [2018-09-05T09:46:52.668729 #15141] ERROR -- Kitchen: /opt/chefdk/embedded/lib/ruby/gems/2.4.0/gems/test-kitchen-1.20.0/lib/kitchen/cli.rb:52:in `perform'
E, [2018-09-05T09:46:52.668744 #15141] ERROR -- Kitchen: /opt/chefdk/embedded/lib/ruby/gems/2.4.0/gems/test-kitchen-1.20.0/lib/kitchen/cli.rb:245:in `test'
E, [2018-09-05T09:46:52.668759 #15141] ERROR -- Kitchen: /opt/chefdk/embedded/lib/ruby/gems/2.4.0/gems/thor-0.19.1/lib/thor/command.rb:27:in `run'
E, [2018-09-05T09:46:52.668774 #15141] ERROR -- Kitchen: /opt/chefdk/embedded/lib/ruby/gems/2.4.0/gems/thor-0.19.1/lib/thor/invocation.rb:126:in `invoke_command'
E, [2018-09-05T09:46:52.668788 #15141] ERROR -- Kitchen: /opt/chefdk/embedded/lib/ruby/gems/2.4.0/gems/thor-0.19.1/lib/thor.rb:359:in `dispatch'
E, [2018-09-05T09:46:52.668803 #15141] ERROR -- Kitchen: /opt/chefdk/embedded/lib/ruby/gems/2.4.0/gems/thor-0.19.1/lib/thor/base.rb:440:in `start'
E, [2018-09-05T09:46:52.668830 #15141] ERROR -- Kitchen: /opt/chefdk/embedded/lib/ruby/gems/2.4.0/gems/test-kitchen-1.20.0/bin/kitchen:13:in `block in <top (required)>'
E, [2018-09-05T09:46:52.668846 #15141] ERROR -- Kitchen: /opt/chefdk/embedded/lib/ruby/gems/2.4.0/gems/test-kitchen-1.20.0/lib/kitchen/errors.rb:171:in `with_friendly_errors'
E, [2018-09-05T09:46:52.668860 #15141] ERROR -- Kitchen: /opt/chefdk/embedded/lib/ruby/gems/2.4.0/gems/test-kitchen-1.20.0/bin/kitchen:13:in `<top (required)>'
E, [2018-09-05T09:46:52.668875 #15141] ERROR -- Kitchen: /usr/local/bin/kitchen:250:in `load'
E, [2018-09-05T09:46:52.668890 #15141] ERROR -- Kitchen: /usr/local/bin/kitchen:250:in `<main>'
E, [2018-09-05T09:46:52.668913 #15141] ERROR -- Kitchen: ----End Backtrace-----
